Arguments: 
  /usr/local/bin/node /usr/local/Cellar/yarn/1.16.0/libexec/bin/yarn.js add GitClub

PATH: 
  /Users/philboard/.rvm/gems/ruby-2.2.3/bin:/Users/philboard/.rvm/gems/ruby-2.2.3@global/bin:/Users/philboard/.rvm/rubies/ruby-2.2.3/bin:/usr/local/bin:/usr/bin:/bin:/usr/sbin:/sbin:/Users/philboard/.rvm/bin

Yarn version: 
  1.16.0

Node version: 
  11.14.0

Platform: 
  darwin x64

Trace: 
  Error: https://registry.yarnpkg.com/GitClub: Not found
      at Request.params.callback [as _callback] (/usr/local/Cellar/yarn/1.16.0/libexec/lib/cli.js:66091:18)
      at Request.self.callback (/usr/local/Cellar/yarn/1.16.0/libexec/lib/cli.js:129590:22)
      at Request.emit (events.js:193:13)
      at Request.<anonymous> (/usr/local/Cellar/yarn/1.16.0/libexec/lib/cli.js:130562:10)
      at Request.emit (events.js:193:13)
      at IncomingMessage.<anonymous> (/usr/local/Cellar/yarn/1.16.0/libexec/lib/cli.js:130484:12)
      at Object.onceWrapper (events.js:281:20)
      at IncomingMessage.emit (events.js:198:15)
      at endReadableNT (_stream_readable.js:1139:12)
      at processTicksAndRejections (internal/process/task_queues.js:81:17)

npm manifest: 
  {
    "name": "GitClub",
    "version": "1.0.0",
    "description": "An event management app",
    "main": "index.js",
    "repository": {
      "type": "git",
      "url": "https://github.com/JoshGlasson/GitClub"
    },
    "dependencies": {
      "@fullcalendar/core": "^4.1.0",
      "@fullcalendar/daygrid": "^4.1.0",
      "@fullcalendar/interaction": "^4.1.0",
      "@fullcalendar/list": "^4.1.0",
      "@fullcalendar/timegrid": "^4.1.0",
      "bootstrap": "^4.3.1",
      "dayz": "^2.4.0",
      "mdbreact": "^4.14.0",
      "react": "^16.4.0",
      "react-big-scheduler": "^0.2.7",
      "react-bootstrap-table": "^4.3.1",
      "react-dom": "^16.4.0",
      "react-inputs-validation": "^2.2.1",
      "react-popup": "^0.10.0",
      "rest": "^2.0.0",
      "style-loader": "^0.23.1",
      "webpack": "^4.20.2",
      "webpack-cli": "^3.1.1"
    },
    "devDependencies": {
      "@babel/core": "^7.4.4",
      "@babel/preset-env": "^7.4.4",
      "babel-core": "^6.26.3",
      "babel-loader": "^7.1.5",
      "babel-plugin-syntax-dynamic-import": "^6.18.0",
      "babel-polyfill": "^6.26.0",
      "babel-preset-es2015": "^6.24.1",
      "babel-preset-react": "^6.24.1",
      "css-loader": "^2.1.1",
      "jest": "^23.1.0",
      "style-loader": "^0.23.1",
      "uglifyjs-webpack-plugin": "^2.1.3",
      "webpack": "^4.31.0",
      "webpack-cli": "^3.3.2",
      "file-loader": "^3.0.1"
    },
    "scripts": {
      "start": "npm run webpack",
      "webpack": "webpack -d --watch"
    },
    "author": "Josh Glasson, Sol Shahir, Phil Board and Sean Banford",
    "license": "ISC"
  }

yarn manifest: 
  No manifest

Lockfile: 
  No lockfile
